<?xml version="1.0" encoding="UTF-8"?>
<!-- Generated by org.testng.reporters.JUnitXMLReporter -->
<testsuite hostname="DESKTOP-5N2O2MN" ignored="0" name="Default test" tests="3" failures="0" timestamp="2020-06-14T11:36:37 EDT" time="28.019" errors="0">
  <testcase name="AppLaunch_Validation" time="1.744" classname="testScenarios.AndroidSanity"/>
  <testcase name="Login_withinvalidcredentials_validation" time="4.854" classname="testScenarios.AndroidSanity"/>
  <testcase name="Login_withvalidcredentials_validation" time="6.232" classname="testScenarios.AndroidSanity"/>
</testsuite> <!-- Default test -->
