<?xml version="1.0" encoding="UTF-8"?>
<!-- Generated by org.testng.reporters.JUnitXMLReporter -->
<testsuite hostname="DESKTOP-5N2O2MN" ignored="0" name="Default test" tests="2" failures="0" timestamp="2020-06-08T21:48:25 EDT" time="16.247" errors="0">
  <testcase name="AppLaunch_Validation" time="1.151" classname="testScenarios.AndroidSanity"/>
  <testcase name="Login_withinvalidcredentials_validation" time="3.696" classname="testScenarios.AndroidSanity"/>
</testsuite> <!-- Default test -->
